<?xml version="1.0" encoding="UTF-8"?>
<!-- Generated by org.testng.reporters.JUnitReportReporter -->
<testsuite skipped="0" hostname="PET-11493-WL" name="com.scuti.testingdemo.TestNGAnnotations" tests="3" failures="0" timestamp="21 Jun 2019 03:07:29 GMT" time="0.010" errors="0">
  <testcase name="TestCase2" time="0.002" classname="com.scuti.testingdemo.TestNGAnnotations"/>
  <testcase name="TestCase1" time="0.007" classname="com.scuti.testingdemo.TestNGAnnotations"/>
  <testcase name="TestCase0" time="0.001" classname="com.scuti.testingdemo.TestNGAnnotations"/>
</testsuite> <!-- com.scuti.testingdemo.TestNGAnnotations -->
