<?xml version="1.0" encoding="UTF-8"?>
<!-- Generated by org.testng.reporters.JUnitReportReporter -->
<testsuite skipped="0" hostname="PET-11493-WL" name="com.scuti.testingdemo.EcommerceSaiProduct" tests="1" failures="0" timestamp="19 Jun 2019 05:52:05 GMT" time="7.958" errors="0">
  <testcase name="product" time="7.958" classname="com.scuti.testingdemo.EcommerceSaiProduct"/>
</testsuite> <!-- com.scuti.testingdemo.EcommerceSaiProduct -->
