<?xml version="1.0" encoding="UTF-8"?>
<!-- Generated by org.testng.reporters.JUnitReportReporter -->
<testsuite skipped="0" hostname="PET-11493-WL" name="com.scuti.testingdemo.LoginTest" tests="9" failures="0" timestamp="08 Jul 2019 01:25:04 GMT" time="0.018" errors="0">
  <testcase name="runMyTest" time="0.001" classname="com.scuti.testingdemo.LoginTest"/>
  <testcase name="runMyTest" time="0.009" classname="com.scuti.testingdemo.LoginTest"/>
  <testcase name="runMyTest" time="0.001" classname="com.scuti.testingdemo.LoginTest"/>
  <testcase name="runMyTest" time="0.001" classname="com.scuti.testingdemo.LoginTest"/>
  <testcase name="runMyTest" time="0.001" classname="com.scuti.testingdemo.LoginTest"/>
  <testcase name="runMyTest" time="0.001" classname="com.scuti.testingdemo.LoginTest"/>
  <testcase name="runMyTest" time="0.002" classname="com.scuti.testingdemo.LoginTest"/>
  <testcase name="runMyTest" time="0.001" classname="com.scuti.testingdemo.LoginTest"/>
  <testcase name="runMyTest" time="0.001" classname="com.scuti.testingdemo.LoginTest"/>
</testsuite> <!-- com.scuti.testingdemo.LoginTest -->
