<?xml version="1.0" encoding="UTF-8"?>
<!-- Generated by org.testng.reporters.JUnitReportReporter -->
<testsuite skipped="0" hostname="PET-11493-WL" name="com.scuti.testingdemo.ProductPage" tests="2" failures="0" timestamp="27 Jun 2019 21:49:59 GMT" time="20.540" errors="0">
  <testcase name="PriceCheck" time="12.940" classname="com.scuti.testingdemo.ProductPage"/>
  <testcase name="product" time="7.600" classname="com.scuti.testingdemo.ProductPage"/>
</testsuite> <!-- com.scuti.testingdemo.ProductPage -->
